  Основы программирования С++ №1.cpp
  Основы программирования С++ №10.cpp
  Основы программирования С++ №11.cpp
  Основы программирования С++ №12.cpp
  Основы программирования С++ №2.cpp
  Основы программирования С++ №3.cpp
  Основы программирования С++ №4.cpp
  Основы программирования С++ №5.cpp
  Основы программирования С++ №6.cpp
  Основы программирования С++ №7.cpp
  Основы программирования С++ №8.cpp
  Основы программирования С++ №9.cpp
  Создание пользовательских приложений на С++  №2.cpp
F:\Instal\Прог\С++ и коды к нему\домашка в академию по С++\Экзамены в академию\Экзамены в академию\Создание пользовательских приложений на С++  №2.cpp(53,49): warning C4267: инициализация: преобразование из "size_t" в "int"; возможна потеря данных
F:\Instal\Прог\С++ и коды к нему\домашка в академию по С++\Экзамены в академию\Экзамены в академию\Создание пользовательских приложений на С++  №2.cpp(98,26): warning C4267: инициализация: преобразование из "size_t" в "int"; возможна потеря данных
F:\Instal\Прог\С++ и коды к нему\домашка в академию по С++\Экзамены в академию\Экзамены в академию\Создание пользовательских приложений на С++  №2.cpp(148,23): warning C4390: ";": обнаружен пустой контролируемый оператор; это правильно?
F:\Instal\Прог\С++ и коды к нему\домашка в академию по С++\Экзамены в академию\Экзамены в академию\Создание пользовательских приложений на С++  №2.cpp(248,43): warning C4244: =: преобразование "double" в "int", возможна потеря данных
F:\Instal\Прог\С++ и коды к нему\домашка в академию по С++\Экзамены в академию\Экзамены в академию\Создание пользовательских приложений на С++  №2.cpp(76,53): message : выполняется компиляция ссылки на экземпляр шаблон функции "double solveExpression<elementType>(const T *)"
          with
          [
              T=elementType
          ]
F:\Instal\Прог\С++ и коды к нему\домашка в академию по С++\Экзамены в академию\Экзамены в академию\Создание пользовательских приложений на С++  №2.cpp(266,43): warning C4244: =: преобразование "double" в "int", возможна потеря данных
  Создание кода...
F:\Instal\Прог\С++ и коды к нему\домашка в академию по С++\Экзамены в академию\Экзамены в академию\Создание пользовательских приложений на С++  №2.cpp(185): warning C4715: performOperation: значение возвращается не при всех путях выполнения
  Экзамены в академию.vcxproj -> F:\Instal\Прог\С++ и коды к нему\домашка в академию по С++\Экзамены в академию\x64\Debug\Экзамены в академию.exe
